0 info it worked if it ends with ok
1 verbose cli [ '/Users/alanhoff/.nvm/versions/node/v4.4.2/bin/node',
1 verbose cli   '/Users/alanhoff/.nvm/versions/node/v4.4.2/bin/npm',
1 verbose cli   'run',
1 verbose cli   'deploy' ]
2 info using npm@2.15.0
3 info using node@v4.4.2
4 verbose stack Error: Failed to parse json
4 verbose stack Unexpected token '"' at 10:14
4 verbose stack     "deploy" "npm run lint && npm run build && gh-pages -d public",
4 verbose stack              ^
4 verbose stack     at parseError (/Users/alanhoff/.nvm/versions/node/v4.4.2/lib/node_modules/npm/node_modules/read-package-json/read-json.js:379:11)
4 verbose stack     at parseJson (/Users/alanhoff/.nvm/versions/node/v4.4.2/lib/node_modules/npm/node_modules/read-package-json/read-json.js:68:23)
4 verbose stack     at /Users/alanhoff/.nvm/versions/node/v4.4.2/lib/node_modules/npm/node_modules/read-package-json/read-json.js:48:5
4 verbose stack     at /Users/alanhoff/.nvm/versions/node/v4.4.2/lib/node_modules/npm/node_modules/graceful-fs/graceful-fs.js:78:16
4 verbose stack     at FSReqWrap.readFileAfterClose [as oncomplete] (fs.js:380:3)
5 verbose cwd /Users/alanhoff/Projects/nodeconf/public
6 error Darwin 15.4.0
7 error argv "/Users/alanhoff/.nvm/versions/node/v4.4.2/bin/node" "/Users/alanhoff/.nvm/versions/node/v4.4.2/bin/npm" "run" "deploy"
8 error node v4.4.2
9 error npm  v2.15.0
10 error file /Users/alanhoff/Projects/nodeconf/package.json
11 error code EJSONPARSE
12 error Failed to parse json
12 error Unexpected token '"' at 10:14
12 error     "deploy" "npm run lint && npm run build && gh-pages -d public",
12 error              ^
13 error File: /Users/alanhoff/Projects/nodeconf/package.json
14 error Failed to parse package.json data.
14 error package.json must be actual JSON, not just JavaScript.
14 error
14 error This is not a bug in npm.
14 error Tell the package author to fix their package.json file. JSON.parse
15 verbose exit [ 1, true ]
